[2021-02-19 10:30:41.772] [exthost] [info] extension host started
[2021-02-19 10:30:42.099] [exthost] [info] ExtensionService#_doActivateExtension vscode.debug-auto-launch {"startup":true,"extensionId":{"value":"vscode.debug-auto-launch","_lower":"vscode.debug-auto-launch"},"activationEvent":"*"}
[2021-02-19 10:30:42.101] [exthost] [info] ExtensionService#loadCommonJSModule file:///home/diegato/.vscode-server/bin/5d424b828ada08e1eb9f95d6cb41120234ef57c7/extensions/debug-auto-launch/dist/extension
[2021-02-19 10:30:42.137] [exthost] [info] ExtensionService#_doActivateExtension vscode.git {"startup":true,"extensionId":{"value":"vscode.github","_lower":"vscode.github"},"activationEvent":"*"}
[2021-02-19 10:30:42.137] [exthost] [info] ExtensionService#loadCommonJSModule file:///home/diegato/.vscode-server/bin/5d424b828ada08e1eb9f95d6cb41120234ef57c7/extensions/git/dist/main
[2021-02-19 10:30:42.455] [exthost] [info] ExtensionService#_doActivateExtension christian-kohler.path-intellisense {"startup":true,"extensionId":{"value":"christian-kohler.path-intellisense","_lower":"christian-kohler.path-intellisense"},"activationEvent":"*"}
[2021-02-19 10:30:42.467] [exthost] [info] ExtensionService#loadCommonJSModule file:///home/diegato/.vscode-server/extensions/christian-kohler.path-intellisense-2.3.0/out/extension.js
[2021-02-19 10:30:42.656] [exthost] [info] ExtensionService#_doActivateExtension ms-vsliveshare.vsliveshare {"startup":true,"extensionId":{"value":"ms-vsliveshare.vsliveshare","_lower":"ms-vsliveshare.vsliveshare"},"activationEvent":"*"}
[2021-02-19 10:30:42.656] [exthost] [info] ExtensionService#loadCommonJSModule file:///home/diegato/.vscode-server/extensions/ms-vsliveshare.vsliveshare-1.0.3784/out/prod/extension-prod
[2021-02-19 10:30:46.099] [exthost] [info] ExtensionService#_doActivateExtension naumovs.color-highlight {"startup":true,"extensionId":{"value":"naumovs.color-highlight","_lower":"naumovs.color-highlight"},"activationEvent":"*"}
[2021-02-19 10:30:46.100] [exthost] [info] ExtensionService#loadCommonJSModule file:///home/diegato/.vscode-server/extensions/naumovs.color-highlight-2.3.0/dist/extension
[2021-02-19 10:30:46.364] [exthost] [info] ExtensionService#_doActivateExtension ritwickdey.LiveServer {"startup":true,"extensionId":{"value":"ritwickdey.LiveServer","_lower":"ritwickdey.liveserver"},"activationEvent":"*"}
[2021-02-19 10:30:46.364] [exthost] [info] ExtensionService#loadCommonJSModule file:///home/diegato/.vscode-server/extensions/ritwickdey.liveserver-5.6.1/out/src/extension
[2021-02-19 10:30:53.732] [exthost] [info] ExtensionService#_doActivateExtension ms-vscode.js-debug {"startup":false,"extensionId":{"value":"ms-vscode.js-debug","_lower":"ms-vscode.js-debug"},"activationEvent":"onCommand:extension.js-debug.clearAutoAttachVariables"}
[2021-02-19 10:30:53.733] [exthost] [info] ExtensionService#loadCommonJSModule file:///home/diegato/.vscode-server/bin/5d424b828ada08e1eb9f95d6cb41120234ef57c7/extensions/ms-vscode.js-debug/src/extension.js
[2021-02-19 10:30:55.976] [exthost] [info] ExtensionService#_doActivateExtension vscode.github {"startup":false,"extensionId":{"value":"vscode.github","_lower":"vscode.github"},"activationEvent":"*"}
[2021-02-19 10:30:55.976] [exthost] [info] ExtensionService#loadCommonJSModule file:///home/diegato/.vscode-server/bin/5d424b828ada08e1eb9f95d6cb41120234ef57c7/extensions/github/dist/extension.js
[2021-02-19 10:31:00.629] [exthost] [info] ExtensionService#_doActivateExtension vscode.emmet {"startup":false,"extensionId":{"value":"vscode.emmet","_lower":"vscode.emmet"},"activationEvent":"onStartupFinished"}
[2021-02-19 10:31:00.629] [exthost] [info] ExtensionService#loadCommonJSModule file:///home/diegato/.vscode-server/bin/5d424b828ada08e1eb9f95d6cb41120234ef57c7/extensions/emmet/dist/node/emmetNodeMain
[2021-02-19 10:31:00.814] [exthost] [info] ExtensionService#_doActivateExtension vscode.merge-conflict {"startup":false,"extensionId":{"value":"vscode.merge-conflict","_lower":"vscode.merge-conflict"},"activationEvent":"onStartupFinished"}
[2021-02-19 10:31:00.814] [exthost] [info] ExtensionService#loadCommonJSModule file:///home/diegato/.vscode-server/bin/5d424b828ada08e1eb9f95d6cb41120234ef57c7/extensions/merge-conflict/dist/mergeConflictMain
[2021-02-19 10:31:00.878] [exthost] [info] ExtensionService#_doActivateExtension vscode.testing-editor-contributions {"startup":false,"extensionId":{"value":"vscode.testing-editor-contributions","_lower":"vscode.testing-editor-contributions"},"activationEvent":"onStartupFinished"}
[2021-02-19 10:31:00.879] [exthost] [info] ExtensionService#loadCommonJSModule file:///home/diegato/.vscode-server/bin/5d424b828ada08e1eb9f95d6cb41120234ef57c7/extensions/testing-editor-contributions/dist/extension.js
[2021-02-19 10:31:00.916] [exthost] [info] ExtensionService#_doActivateExtension esbenp.prettier-vscode {"startup":false,"extensionId":{"value":"esbenp.prettier-vscode","_lower":"esbenp.prettier-vscode"},"activationEvent":"onStartupFinished"}
[2021-02-19 10:31:00.916] [exthost] [info] ExtensionService#loadCommonJSModule file:///home/diegato/.vscode-server/extensions/esbenp.prettier-vscode-5.9.2/dist/extension
[2021-02-19 10:31:05.864] [exthost] [info] ExtensionService#_doActivateExtension vscode.html-language-features {"startup":false,"extensionId":{"value":"vscode.html-language-features","_lower":"vscode.html-language-features"},"activationEvent":"onLanguage:html"}
[2021-02-19 10:31:05.864] [exthost] [info] ExtensionService#loadCommonJSModule file:///home/diegato/.vscode-server/bin/5d424b828ada08e1eb9f95d6cb41120234ef57c7/extensions/html-language-features/client/dist/node/htmlClientMain
[2021-02-19 10:31:06.635] [exthost] [info] ExtensionService#_doActivateExtension hdg.live-html-previewer {"startup":false,"extensionId":{"value":"hdg.live-html-previewer","_lower":"hdg.live-html-previewer"},"activationEvent":"onLanguage:html"}
[2021-02-19 10:31:06.635] [exthost] [info] ExtensionService#loadCommonJSModule file:///home/diegato/.vscode-server/extensions/hdg.live-html-previewer-0.3.0/out/src/extension
