[2021-01-20 10:02:34.179] [exthost] [info] extension host started
[2021-01-20 10:02:34.617] [exthost] [info] ExtensionService#_doActivateExtension vscode.debug-auto-launch {"startup":true,"extensionId":{"value":"vscode.debug-auto-launch","_lower":"vscode.debug-auto-launch"},"activationEvent":"*"}
[2021-01-20 10:02:34.621] [exthost] [info] ExtensionService#loadCommonJSModule file:///home/diegato/.vscode-server/bin/ea3859d4ba2f3e577a159bc91e3074c5d85c0523/extensions/debug-auto-launch/dist/extension
[2021-01-20 10:02:34.685] [exthost] [info] ExtensionService#_doActivateExtension vscode.emmet {"startup":true,"extensionId":{"value":"vscode.emmet","_lower":"vscode.emmet"},"activationEvent":"*"}
[2021-01-20 10:02:34.685] [exthost] [info] ExtensionService#loadCommonJSModule file:///home/diegato/.vscode-server/bin/ea3859d4ba2f3e577a159bc91e3074c5d85c0523/extensions/emmet/dist/node/emmetNodeMain
[2021-01-20 10:02:35.010] [exthost] [info] ExtensionService#_doActivateExtension vscode.git {"startup":true,"extensionId":{"value":"vscode.github","_lower":"vscode.github"},"activationEvent":"*"}
[2021-01-20 10:02:35.010] [exthost] [info] ExtensionService#loadCommonJSModule file:///home/diegato/.vscode-server/bin/ea3859d4ba2f3e577a159bc91e3074c5d85c0523/extensions/git/dist/main
[2021-01-20 10:02:35.431] [exthost] [info] ExtensionService#_doActivateExtension vscode.merge-conflict {"startup":true,"extensionId":{"value":"vscode.merge-conflict","_lower":"vscode.merge-conflict"},"activationEvent":"*"}
[2021-01-20 10:02:35.434] [exthost] [info] ExtensionService#loadCommonJSModule file:///home/diegato/.vscode-server/bin/ea3859d4ba2f3e577a159bc91e3074c5d85c0523/extensions/merge-conflict/dist/mergeConflictMain
[2021-01-20 10:02:35.452] [exthost] [info] ExtensionService#_doActivateExtension vscode.search-result {"startup":true,"extensionId":{"value":"vscode.search-result","_lower":"vscode.search-result"},"activationEvent":"*"}
[2021-01-20 10:02:35.457] [exthost] [info] ExtensionService#loadCommonJSModule file:///home/diegato/.vscode-server/bin/ea3859d4ba2f3e577a159bc91e3074c5d85c0523/extensions/search-result/dist/extension.js
[2021-01-20 10:02:37.202] [exthost] [info] ExtensionService#_doActivateExtension ms-vscode.js-debug {"startup":false,"extensionId":{"value":"ms-vscode.js-debug","_lower":"ms-vscode.js-debug"},"activationEvent":"onCommand:extension.js-debug.clearAutoAttachVariables"}
[2021-01-20 10:02:37.203] [exthost] [info] ExtensionService#loadCommonJSModule file:///home/diegato/.vscode-server/bin/ea3859d4ba2f3e577a159bc91e3074c5d85c0523/extensions/ms-vscode.js-debug/src/extension.js
[2021-01-20 10:02:38.746] [exthost] [info] ExtensionService#_doActivateExtension vscode.github {"startup":true,"extensionId":{"value":"vscode.github","_lower":"vscode.github"},"activationEvent":"*"}
[2021-01-20 10:02:38.749] [exthost] [info] ExtensionService#loadCommonJSModule file:///home/diegato/.vscode-server/bin/ea3859d4ba2f3e577a159bc91e3074c5d85c0523/extensions/github/dist/extension.js
[2021-01-20 10:02:38.928] [exthost] [info] eager extensions activated
[2021-01-20 10:03:47.296] [exthost] [info] ExtensionService#_doActivateExtension naumovs.color-highlight {"startup":false,"extensionId":{"value":"naumovs.color-highlight","_lower":"naumovs.color-highlight"},"activationEvent":"*"}
[2021-01-20 10:03:47.297] [exthost] [info] ExtensionService#loadCommonJSModule file:///home/diegato/.vscode-server/extensions/naumovs.color-highlight-2.3.0/dist/extension
[2021-01-20 10:03:53.643] [exthost] [info] ExtensionService#_doActivateExtension vscode.configuration-editing {"startup":false,"extensionId":{"value":"vscode.configuration-editing","_lower":"vscode.configuration-editing"},"activationEvent":"onLanguage:json"}
[2021-01-20 10:03:53.643] [exthost] [info] ExtensionService#loadCommonJSModule file:///home/diegato/.vscode-server/bin/ea3859d4ba2f3e577a159bc91e3074c5d85c0523/extensions/configuration-editing/dist/configurationEditingMain
[2021-01-20 10:03:53.670] [exthost] [info] ExtensionService#_doActivateExtension vscode.extension-editing {"startup":false,"extensionId":{"value":"vscode.extension-editing","_lower":"vscode.extension-editing"},"activationEvent":"onLanguage:json"}
[2021-01-20 10:03:53.671] [exthost] [info] ExtensionService#loadCommonJSModule file:///home/diegato/.vscode-server/bin/ea3859d4ba2f3e577a159bc91e3074c5d85c0523/extensions/extension-editing/dist/extensionEditingMain
[2021-01-20 10:03:53.717] [exthost] [info] ExtensionService#_doActivateExtension vscode.json-language-features {"startup":false,"extensionId":{"value":"vscode.json-language-features","_lower":"vscode.json-language-features"},"activationEvent":"onLanguage:json"}
[2021-01-20 10:03:53.718] [exthost] [info] ExtensionService#loadCommonJSModule file:///home/diegato/.vscode-server/bin/ea3859d4ba2f3e577a159bc91e3074c5d85c0523/extensions/json-language-features/client/dist/node/jsonClientMain
[2021-01-20 10:03:53.856] [exthost] [info] ExtensionService#_doActivateExtension vscode.npm {"startup":false,"extensionId":{"value":"vscode.npm","_lower":"vscode.npm"},"activationEvent":"onLanguage:json"}
[2021-01-20 10:03:53.856] [exthost] [info] ExtensionService#loadCommonJSModule file:///home/diegato/.vscode-server/bin/ea3859d4ba2f3e577a159bc91e3074c5d85c0523/extensions/npm/dist/npmMain
[2021-01-20 10:05:44.911] [exthost] [info] ExtensionService#_doActivateExtension ritwickdey.LiveServer {"startup":false,"extensionId":{"value":"ritwickdey.LiveServer","_lower":"ritwickdey.liveserver"},"activationEvent":"*"}
[2021-01-20 10:05:44.915] [exthost] [info] ExtensionService#loadCommonJSModule file:///home/diegato/.vscode-server/extensions/ritwickdey.liveserver-5.6.1/out/src/extension
[2021-01-20 10:06:30.954] [exthost] [info] ExtensionService#_doActivateExtension ms-vsliveshare.vsliveshare {"startup":false,"extensionId":{"value":"ms-vsliveshare.vsliveshare","_lower":"ms-vsliveshare.vsliveshare"},"activationEvent":"*"}
[2021-01-20 10:06:30.955] [exthost] [info] ExtensionService#loadCommonJSModule file:///home/diegato/.vscode-server/extensions/ms-vsliveshare.vsliveshare-1.0.3484/out/prod/extension-prod
[2021-01-20 10:06:35.942] [exthost] [info] ExtensionService#_doActivateExtension vscode.typescript-language-features {"startup":false,"extensionId":{"value":"vscode.typescript-language-features","_lower":"vscode.typescript-language-features"},"activationEvent":"onLanguage:javascript"}
[2021-01-20 10:06:35.943] [exthost] [info] ExtensionService#loadCommonJSModule file:///home/diegato/.vscode-server/bin/ea3859d4ba2f3e577a159bc91e3074c5d85c0523/extensions/typescript-language-features/dist/extension
[2021-01-20 10:06:37.453] [exthost] [info] ExtensionService#_doActivateExtension christian-kohler.path-intellisense {"startup":false,"extensionId":{"value":"christian-kohler.path-intellisense","_lower":"christian-kohler.path-intellisense"},"activationEvent":"*"}
[2021-01-20 10:06:37.454] [exthost] [info] ExtensionService#loadCommonJSModule file:///home/diegato/.vscode-server/extensions/christian-kohler.path-intellisense-2.3.0/out/extension.js
[2021-01-20 10:06:57.818] [exthost] [info] ExtensionService#_doActivateExtension esbenp.prettier-vscode {"startup":false,"extensionId":{"value":"esbenp.prettier-vscode","_lower":"esbenp.prettier-vscode"},"activationEvent":"onStartupFinished"}
[2021-01-20 10:06:57.818] [exthost] [info] ExtensionService#loadCommonJSModule file:///home/diegato/.vscode-server/extensions/esbenp.prettier-vscode-5.8.0/dist/extension
