[2021-02-19 10:18:06.904] [exthost] [info] extension host started
[2021-02-19 10:18:07.370] [exthost] [info] ExtensionService#_doActivateExtension vscode.configuration-editing {"startup":false,"extensionId":{"value":"vscode.configuration-editing","_lower":"vscode.configuration-editing"},"activationEvent":"onLanguage:json"}
[2021-02-19 10:18:07.371] [exthost] [info] ExtensionService#loadCommonJSModule file:///home/diegato/.vscode-server/bin/5d424b828ada08e1eb9f95d6cb41120234ef57c7/extensions/configuration-editing/dist/configurationEditingMain
[2021-02-19 10:18:07.449] [exthost] [info] ExtensionService#_doActivateExtension vscode.extension-editing {"startup":false,"extensionId":{"value":"vscode.extension-editing","_lower":"vscode.extension-editing"},"activationEvent":"onLanguage:json"}
[2021-02-19 10:18:07.462] [exthost] [info] ExtensionService#loadCommonJSModule file:///home/diegato/.vscode-server/bin/5d424b828ada08e1eb9f95d6cb41120234ef57c7/extensions/extension-editing/dist/extensionEditingMain
[2021-02-19 10:18:07.523] [exthost] [info] ExtensionService#_doActivateExtension vscode.json-language-features {"startup":false,"extensionId":{"value":"vscode.json-language-features","_lower":"vscode.json-language-features"},"activationEvent":"onLanguage:json"}
[2021-02-19 10:18:07.523] [exthost] [info] ExtensionService#loadCommonJSModule file:///home/diegato/.vscode-server/bin/5d424b828ada08e1eb9f95d6cb41120234ef57c7/extensions/json-language-features/client/dist/node/jsonClientMain
[2021-02-19 10:18:08.027] [exthost] [info] ExtensionService#_doActivateExtension ms-vscode.js-debug {"startup":false,"extensionId":{"value":"ms-vscode.js-debug","_lower":"ms-vscode.js-debug"},"activationEvent":"onLanguage:json"}
[2021-02-19 10:18:08.028] [exthost] [info] ExtensionService#loadCommonJSModule file:///home/diegato/.vscode-server/bin/5d424b828ada08e1eb9f95d6cb41120234ef57c7/extensions/ms-vscode.js-debug/src/extension.js
[2021-02-19 10:18:09.842] [exthost] [info] ExtensionService#_doActivateExtension vscode.npm {"startup":false,"extensionId":{"value":"vscode.npm","_lower":"vscode.npm"},"activationEvent":"onLanguage:json"}
[2021-02-19 10:18:09.843] [exthost] [info] ExtensionService#loadCommonJSModule file:///home/diegato/.vscode-server/bin/5d424b828ada08e1eb9f95d6cb41120234ef57c7/extensions/npm/dist/npmMain
[2021-02-19 10:18:10.048] [exthost] [info] ExtensionService#_doActivateExtension vscode.typescript-language-features {"startup":false,"extensionId":{"value":"vscode.typescript-language-features","_lower":"vscode.typescript-language-features"},"activationEvent":"onLanguage:typescript"}
[2021-02-19 10:18:10.048] [exthost] [info] ExtensionService#loadCommonJSModule file:///home/diegato/.vscode-server/bin/5d424b828ada08e1eb9f95d6cb41120234ef57c7/extensions/typescript-language-features/dist/extension
[2021-02-19 10:18:10.431] [exthost] [info] ExtensionService#_doActivateExtension vscode.debug-auto-launch {"startup":true,"extensionId":{"value":"vscode.debug-auto-launch","_lower":"vscode.debug-auto-launch"},"activationEvent":"*"}
[2021-02-19 10:18:10.431] [exthost] [info] ExtensionService#loadCommonJSModule file:///home/diegato/.vscode-server/bin/5d424b828ada08e1eb9f95d6cb41120234ef57c7/extensions/debug-auto-launch/dist/extension
[2021-02-19 10:18:10.536] [exthost] [info] ExtensionService#_doActivateExtension vscode.git {"startup":true,"extensionId":{"value":"vscode.github","_lower":"vscode.github"},"activationEvent":"*"}
[2021-02-19 10:18:10.536] [exthost] [info] ExtensionService#loadCommonJSModule file:///home/diegato/.vscode-server/bin/5d424b828ada08e1eb9f95d6cb41120234ef57c7/extensions/git/dist/main
[2021-02-19 10:18:11.127] [exthost] [info] ExtensionService#_doActivateExtension christian-kohler.path-intellisense {"startup":true,"extensionId":{"value":"christian-kohler.path-intellisense","_lower":"christian-kohler.path-intellisense"},"activationEvent":"*"}
[2021-02-19 10:18:11.128] [exthost] [info] ExtensionService#loadCommonJSModule file:///home/diegato/.vscode-server/extensions/christian-kohler.path-intellisense-2.3.0/out/extension.js
[2021-02-19 10:18:12.422] [exthost] [info] ExtensionService#_doActivateExtension ms-vsliveshare.vsliveshare {"startup":true,"extensionId":{"value":"ms-vsliveshare.vsliveshare","_lower":"ms-vsliveshare.vsliveshare"},"activationEvent":"*"}
[2021-02-19 10:18:12.423] [exthost] [info] ExtensionService#loadCommonJSModule file:///home/diegato/.vscode-server/extensions/ms-vsliveshare.vsliveshare-1.0.3629/out/prod/extension-prod
[2021-02-19 10:18:15.005] [exthost] [info] ExtensionService#_doActivateExtension naumovs.color-highlight {"startup":true,"extensionId":{"value":"naumovs.color-highlight","_lower":"naumovs.color-highlight"},"activationEvent":"*"}
[2021-02-19 10:18:15.005] [exthost] [info] ExtensionService#loadCommonJSModule file:///home/diegato/.vscode-server/extensions/naumovs.color-highlight-2.3.0/dist/extension
[2021-02-19 10:18:15.147] [exthost] [info] ExtensionService#_doActivateExtension ritwickdey.LiveServer {"startup":true,"extensionId":{"value":"ritwickdey.LiveServer","_lower":"ritwickdey.liveserver"},"activationEvent":"*"}
[2021-02-19 10:18:15.150] [exthost] [info] ExtensionService#loadCommonJSModule file:///home/diegato/.vscode-server/extensions/ritwickdey.liveserver-5.6.1/out/src/extension
[2021-02-19 10:18:35.686] [exthost] [info] ExtensionService#_doActivateExtension golang.go {"startup":true,"extensionId":{"value":"golang.go","_lower":"golang.go"},"activationEvent":"workspaceContainsTimeout:**/*.go"}
[2021-02-19 10:18:35.686] [exthost] [info] ExtensionService#loadCommonJSModule file:///home/diegato/.vscode-server/extensions/golang.go-0.22.1/dist/goMain.js
[2021-02-19 10:18:38.688] [exthost] [info] ExtensionService#_doActivateExtension vscode.emmet {"startup":false,"extensionId":{"value":"vscode.emmet","_lower":"vscode.emmet"},"activationEvent":"onStartupFinished"}
[2021-02-19 10:18:38.690] [exthost] [info] ExtensionService#loadCommonJSModule file:///home/diegato/.vscode-server/bin/5d424b828ada08e1eb9f95d6cb41120234ef57c7/extensions/emmet/dist/node/emmetNodeMain
[2021-02-19 10:18:38.776] [exthost] [info] ExtensionService#_doActivateExtension vscode.merge-conflict {"startup":false,"extensionId":{"value":"vscode.merge-conflict","_lower":"vscode.merge-conflict"},"activationEvent":"onStartupFinished"}
[2021-02-19 10:18:38.776] [exthost] [info] ExtensionService#loadCommonJSModule file:///home/diegato/.vscode-server/bin/5d424b828ada08e1eb9f95d6cb41120234ef57c7/extensions/merge-conflict/dist/mergeConflictMain
[2021-02-19 10:18:38.800] [exthost] [info] ExtensionService#_doActivateExtension vscode.testing-editor-contributions {"startup":false,"extensionId":{"value":"vscode.testing-editor-contributions","_lower":"vscode.testing-editor-contributions"},"activationEvent":"onStartupFinished"}
[2021-02-19 10:18:38.800] [exthost] [info] ExtensionService#loadCommonJSModule file:///home/diegato/.vscode-server/bin/5d424b828ada08e1eb9f95d6cb41120234ef57c7/extensions/testing-editor-contributions/dist/extension.js
[2021-02-19 10:18:38.814] [exthost] [info] ExtensionService#_doActivateExtension esbenp.prettier-vscode {"startup":false,"extensionId":{"value":"esbenp.prettier-vscode","_lower":"esbenp.prettier-vscode"},"activationEvent":"onStartupFinished"}
[2021-02-19 10:18:38.815] [exthost] [info] ExtensionService#loadCommonJSModule file:///home/diegato/.vscode-server/extensions/esbenp.prettier-vscode-5.8.0/dist/extension
[2021-02-19 10:29:38.214] [exthost] [info] extension host terminating: received terminate message from renderer
[2021-02-19 10:29:39.798] [exthost] [info] exiting with code 0
