[2021-01-26 13:36:01.981] [exthost] [info] extension host started
[2021-01-26 13:36:03.012] [exthost] [info] ExtensionService#_doActivateExtension vscode.debug-auto-launch {"startup":true,"extensionId":{"value":"vscode.debug-auto-launch","_lower":"vscode.debug-auto-launch"},"activationEvent":"*"}
[2021-01-26 13:36:03.013] [exthost] [info] ExtensionService#loadCommonJSModule file:///home/diegato/.vscode-server/bin/ea3859d4ba2f3e577a159bc91e3074c5d85c0523/extensions/debug-auto-launch/dist/extension
[2021-01-26 13:36:03.218] [exthost] [info] ExtensionService#_doActivateExtension vscode.emmet {"startup":true,"extensionId":{"value":"vscode.emmet","_lower":"vscode.emmet"},"activationEvent":"*"}
[2021-01-26 13:36:03.218] [exthost] [info] ExtensionService#loadCommonJSModule file:///home/diegato/.vscode-server/bin/ea3859d4ba2f3e577a159bc91e3074c5d85c0523/extensions/emmet/dist/node/emmetNodeMain
[2021-01-26 13:36:03.608] [exthost] [info] ExtensionService#_doActivateExtension vscode.git {"startup":true,"extensionId":{"value":"vscode.github","_lower":"vscode.github"},"activationEvent":"*"}
[2021-01-26 13:36:03.609] [exthost] [info] ExtensionService#loadCommonJSModule file:///home/diegato/.vscode-server/bin/ea3859d4ba2f3e577a159bc91e3074c5d85c0523/extensions/git/dist/main
[2021-01-26 13:36:04.208] [exthost] [info] ExtensionService#_doActivateExtension vscode.merge-conflict {"startup":true,"extensionId":{"value":"vscode.merge-conflict","_lower":"vscode.merge-conflict"},"activationEvent":"*"}
[2021-01-26 13:36:04.208] [exthost] [info] ExtensionService#loadCommonJSModule file:///home/diegato/.vscode-server/bin/ea3859d4ba2f3e577a159bc91e3074c5d85c0523/extensions/merge-conflict/dist/mergeConflictMain
[2021-01-26 13:36:04.359] [exthost] [info] ExtensionService#_doActivateExtension vscode.search-result {"startup":true,"extensionId":{"value":"vscode.search-result","_lower":"vscode.search-result"},"activationEvent":"*"}
[2021-01-26 13:36:04.359] [exthost] [info] ExtensionService#loadCommonJSModule file:///home/diegato/.vscode-server/bin/ea3859d4ba2f3e577a159bc91e3074c5d85c0523/extensions/search-result/dist/extension.js
[2021-01-26 13:36:04.447] [exthost] [info] ExtensionService#_doActivateExtension christian-kohler.path-intellisense {"startup":true,"extensionId":{"value":"christian-kohler.path-intellisense","_lower":"christian-kohler.path-intellisense"},"activationEvent":"*"}
[2021-01-26 13:36:04.448] [exthost] [info] ExtensionService#loadCommonJSModule file:///home/diegato/.vscode-server/extensions/christian-kohler.path-intellisense-2.3.0/out/extension.js
[2021-01-26 13:36:05.072] [exthost] [info] ExtensionService#_doActivateExtension ms-vsliveshare.vsliveshare {"startup":true,"extensionId":{"value":"ms-vsliveshare.vsliveshare","_lower":"ms-vsliveshare.vsliveshare"},"activationEvent":"*"}
[2021-01-26 13:36:05.073] [exthost] [info] ExtensionService#loadCommonJSModule file:///home/diegato/.vscode-server/extensions/ms-vsliveshare.vsliveshare-1.0.3484/out/prod/extension-prod
[2021-01-26 13:36:06.979] [exthost] [info] ExtensionService#_doActivateExtension naumovs.color-highlight {"startup":true,"extensionId":{"value":"naumovs.color-highlight","_lower":"naumovs.color-highlight"},"activationEvent":"*"}
[2021-01-26 13:36:06.979] [exthost] [info] ExtensionService#loadCommonJSModule file:///home/diegato/.vscode-server/extensions/naumovs.color-highlight-2.3.0/dist/extension
[2021-01-26 13:36:07.110] [exthost] [info] ExtensionService#_doActivateExtension ritwickdey.LiveServer {"startup":true,"extensionId":{"value":"ritwickdey.LiveServer","_lower":"ritwickdey.liveserver"},"activationEvent":"*"}
[2021-01-26 13:36:07.110] [exthost] [info] ExtensionService#loadCommonJSModule file:///home/diegato/.vscode-server/extensions/ritwickdey.liveserver-5.6.1/out/src/extension
[2021-01-26 13:36:34.592] [exthost] [info] ExtensionService#_doActivateExtension ms-vscode.js-debug {"startup":false,"extensionId":{"value":"ms-vscode.js-debug","_lower":"ms-vscode.js-debug"},"activationEvent":"onCommand:extension.js-debug.clearAutoAttachVariables"}
[2021-01-26 13:36:34.593] [exthost] [info] ExtensionService#loadCommonJSModule file:///home/diegato/.vscode-server/bin/ea3859d4ba2f3e577a159bc91e3074c5d85c0523/extensions/ms-vscode.js-debug/src/extension.js
[2021-01-26 13:36:37.295] [exthost] [info] ExtensionService#_doActivateExtension golang.go {"startup":true,"extensionId":{"value":"golang.go","_lower":"golang.go"},"activationEvent":"workspaceContainsTimeout:**/*.go"}
[2021-01-26 13:36:37.296] [exthost] [info] ExtensionService#loadCommonJSModule file:///home/diegato/.vscode-server/extensions/golang.go-0.20.2/dist/goMain.js
[2021-01-26 13:36:41.010] [exthost] [info] ExtensionService#_doActivateExtension esbenp.prettier-vscode {"startup":false,"extensionId":{"value":"esbenp.prettier-vscode","_lower":"esbenp.prettier-vscode"},"activationEvent":"onStartupFinished"}
[2021-01-26 13:36:41.011] [exthost] [info] ExtensionService#loadCommonJSModule file:///home/diegato/.vscode-server/extensions/esbenp.prettier-vscode-5.8.0/dist/extension
[2021-01-26 13:41:28.883] [exthost] [info] ExtensionService#_doActivateExtension vscode.html-language-features {"startup":false,"extensionId":{"value":"vscode.html-language-features","_lower":"vscode.html-language-features"},"activationEvent":"onLanguage:html"}
[2021-01-26 13:41:28.884] [exthost] [info] ExtensionService#loadCommonJSModule file:///home/diegato/.vscode-server/bin/ea3859d4ba2f3e577a159bc91e3074c5d85c0523/extensions/html-language-features/client/dist/node/htmlClientMain
[2021-01-26 13:41:29.493] [exthost] [info] ExtensionService#_doActivateExtension hdg.live-html-previewer {"startup":false,"extensionId":{"value":"hdg.live-html-previewer","_lower":"hdg.live-html-previewer"},"activationEvent":"onLanguage:html"}
[2021-01-26 13:41:29.493] [exthost] [info] ExtensionService#loadCommonJSModule file:///home/diegato/.vscode-server/extensions/hdg.live-html-previewer-0.3.0/out/src/extension
[2021-01-26 14:35:24.111] [exthost] [info] ExtensionService#_doActivateExtension vscode.grunt {"startup":false,"extensionId":{"value":"vscode.grunt","_lower":"vscode.grunt"},"activationEvent":"onCommand:workbench.action.tasks.runTask"}
[2021-01-26 14:35:24.114] [exthost] [info] ExtensionService#loadCommonJSModule file:///home/diegato/.vscode-server/bin/ea3859d4ba2f3e577a159bc91e3074c5d85c0523/extensions/grunt/dist/main
[2021-01-26 14:35:24.199] [exthost] [info] ExtensionService#_doActivateExtension vscode.gulp {"startup":false,"extensionId":{"value":"vscode.gulp","_lower":"vscode.gulp"},"activationEvent":"onCommand:workbench.action.tasks.runTask"}
[2021-01-26 14:35:24.199] [exthost] [info] ExtensionService#loadCommonJSModule file:///home/diegato/.vscode-server/bin/ea3859d4ba2f3e577a159bc91e3074c5d85c0523/extensions/gulp/dist/main
[2021-01-26 14:35:24.264] [exthost] [info] ExtensionService#_doActivateExtension vscode.jake {"startup":false,"extensionId":{"value":"vscode.jake","_lower":"vscode.jake"},"activationEvent":"onCommand:workbench.action.tasks.runTask"}
[2021-01-26 14:35:24.264] [exthost] [info] ExtensionService#loadCommonJSModule file:///home/diegato/.vscode-server/bin/ea3859d4ba2f3e577a159bc91e3074c5d85c0523/extensions/jake/dist/main
[2021-01-26 14:35:24.350] [exthost] [info] ExtensionService#_doActivateExtension vscode.npm {"startup":false,"extensionId":{"value":"vscode.npm","_lower":"vscode.npm"},"activationEvent":"onCommand:workbench.action.tasks.runTask"}
[2021-01-26 14:35:24.350] [exthost] [info] ExtensionService#loadCommonJSModule file:///home/diegato/.vscode-server/bin/ea3859d4ba2f3e577a159bc91e3074c5d85c0523/extensions/npm/dist/npmMain
[2021-01-26 14:35:24.596] [exthost] [info] ExtensionService#_doActivateExtension vscode.typescript-language-features {"startup":false,"extensionId":{"value":"vscode.typescript-language-features","_lower":"vscode.typescript-language-features"},"activationEvent":"onCommand:workbench.action.tasks.runTask"}
[2021-01-26 14:35:24.596] [exthost] [info] ExtensionService#loadCommonJSModule file:///home/diegato/.vscode-server/bin/ea3859d4ba2f3e577a159bc91e3074c5d85c0523/extensions/typescript-language-features/dist/extension
